[debug] [2025-05-23T10:59:24.391Z] ----------------------------------------------------------------------
[debug] [2025-05-23T10:59:24.394Z] Command:       C:\nvm4w\nodejs\node.exe C:\Users\gomaa\AppData\Roaming\npm\node_modules\firebase-tools\lib\bin\firebase.js deploy --only functions
[debug] [2025-05-23T10:59:24.394Z] CLI Version:   14.4.0
[debug] [2025-05-23T10:59:24.395Z] Platform:      win32
[debug] [2025-05-23T10:59:24.395Z] Node Version:  v20.19.2
[debug] [2025-05-23T10:59:24.395Z] Time:          Fri May 23 2025 19:59:24 GMT+0900 (GMT+09:00)
[debug] [2025-05-23T10:59:24.395Z] ----------------------------------------------------------------------
[debug] 
[debug] [2025-05-23T10:59:24.571Z] Object "/functions" in "firebase.json" has unknown property: {"additionalProperty":"region"}
[debug] [2025-05-23T10:59:24.571Z] Field "/functions" in "firebase.json" is possibly invalid: must be array
[debug] [2025-05-23T10:59:24.571Z] Field "/functions" in "firebase.json" is possibly invalid: must match a schema in anyOf
[debug] [2025-05-23T10:59:24.576Z] > command requires scopes: ["email","openid","https://www.googleapis.com/auth/cloudplatformprojects.readonly","https://www.googleapis.com/auth/firebase","https://www.googleapis.com/auth/cloud-platform"]
[debug] [2025-05-23T10:59:24.577Z] > authorizing via signed-in user (gomaazarasi1789@gmail.com)
[debug] [2025-05-23T10:59:24.577Z] [iam] checking project nesugoshipanic for permissions ["cloudfunctions.functions.create","cloudfunctions.functions.delete","cloudfunctions.functions.get","cloudfunctions.functions.list","cloudfunctions.functions.update","cloudfunctions.operations.get","firebase.projects.get"]
[debug] [2025-05-23T10:59:24.578Z] Checked if tokens are valid: true, expires at: 1748000304961
[debug] [2025-05-23T10:59:24.578Z] Checked if tokens are valid: true, expires at: 1748000304961
[debug] [2025-05-23T10:59:24.579Z] >>> [apiv2][query] POST https://cloudresourcemanager.googleapis.com/v1/projects/nesugoshipanic:testIamPermissions [none]
[debug] [2025-05-23T10:59:24.579Z] >>> [apiv2][(partial)header] POST https://cloudresourcemanager.googleapis.com/v1/projects/nesugoshipanic:testIamPermissions x-goog-quota-user=projects/nesugoshipanic
[debug] [2025-05-23T10:59:24.579Z] >>> [apiv2][body] POST https://cloudresourcemanager.googleapis.com/v1/projects/nesugoshipanic:testIamPermissions {"permissions":["cloudfunctions.functions.create","cloudfunctions.functions.delete","cloudfunctions.functions.get","cloudfunctions.functions.list","cloudfunctions.functions.update","cloudfunctions.operations.get","firebase.projects.get"]}
[debug] [2025-05-23T10:59:25.459Z] <<< [apiv2][status] POST https://cloudresourcemanager.googleapis.com/v1/projects/nesugoshipanic:testIamPermissions 200
[debug] [2025-05-23T10:59:25.459Z] <<< [apiv2][body] POST https://cloudresourcemanager.googleapis.com/v1/projects/nesugoshipanic:testIamPermissions {"permissions":["cloudfunctions.functions.create","cloudfunctions.functions.delete","cloudfunctions.functions.get","cloudfunctions.functions.list","cloudfunctions.functions.update","cloudfunctions.operations.get","firebase.projects.get"]}
[debug] [2025-05-23T10:59:25.460Z] Checked if tokens are valid: true, expires at: 1748000304961
[debug] [2025-05-23T10:59:25.460Z] Checked if tokens are valid: true, expires at: 1748000304961
[debug] [2025-05-23T10:59:25.460Z] >>> [apiv2][query] POST https://iam.googleapis.com/v1/projects/nesugoshipanic/serviceAccounts/nesugoshipanic@appspot.gserviceaccount.com:testIamPermissions [none]
[debug] [2025-05-23T10:59:25.460Z] >>> [apiv2][body] POST https://iam.googleapis.com/v1/projects/nesugoshipanic/serviceAccounts/nesugoshipanic@appspot.gserviceaccount.com:testIamPermissions {"permissions":["iam.serviceAccounts.actAs"]}
[debug] [2025-05-23T10:59:26.633Z] <<< [apiv2][status] POST https://iam.googleapis.com/v1/projects/nesugoshipanic/serviceAccounts/nesugoshipanic@appspot.gserviceaccount.com:testIamPermissions 200
[debug] [2025-05-23T10:59:26.633Z] <<< [apiv2][body] POST https://iam.googleapis.com/v1/projects/nesugoshipanic/serviceAccounts/nesugoshipanic@appspot.gserviceaccount.com:testIamPermissions {"permissions":["iam.serviceAccounts.actAs"]}
[info] 
[info] === Deploying to 'nesugoshipanic'...
[info] 
[info] i  deploying functions 
[debug] [2025-05-23T10:59:26.640Z] Checked if tokens are valid: true, expires at: 1748000304961
[debug] [2025-05-23T10:59:26.640Z] Checked if tokens are valid: true, expires at: 1748000304961
[debug] [2025-05-23T10:59:26.640Z] >>> [apiv2][query] GET https://serviceusage.googleapis.com/v1/projects/nesugoshipanic/services/cloudresourcemanager.googleapis.com [none]
[debug] [2025-05-23T10:59:26.640Z] >>> [apiv2][(partial)header] GET https://serviceusage.googleapis.com/v1/projects/nesugoshipanic/services/cloudresourcemanager.googleapis.com x-goog-quota-user=projects/nesugoshipanic
[debug] [2025-05-23T10:59:27.884Z] <<< [apiv2][status] GET https://serviceusage.googleapis.com/v1/projects/nesugoshipanic/services/cloudresourcemanager.googleapis.com 200
[debug] [2025-05-23T10:59:27.884Z] <<< [apiv2][body] GET https://serviceusage.googleapis.com/v1/projects/nesugoshipanic/services/cloudresourcemanager.googleapis.com [omitted]
[debug] [2025-05-23T10:59:27.885Z] Checked if tokens are valid: true, expires at: 1748000304961
[debug] [2025-05-23T10:59:27.885Z] Checked if tokens are valid: true, expires at: 1748000304961
[debug] [2025-05-23T10:59:27.885Z] >>> [apiv2][query] GET https://cloudresourcemanager.googleapis.com/v1/projects/nesugoshipanic [none]
[debug] [2025-05-23T10:59:28.096Z] <<< [apiv2][status] GET https://cloudresourcemanager.googleapis.com/v1/projects/nesugoshipanic 200
[debug] [2025-05-23T10:59:28.096Z] <<< [apiv2][body] GET https://cloudresourcemanager.googleapis.com/v1/projects/nesugoshipanic {"projectNumber":"122002042444","projectId":"nesugoshipanic","lifecycleState":"ACTIVE","name":"NesugoshiPanic","labels":{"firebase":"enabled","firebase-core":"disabled"},"createTime":"2025-05-10T07:39:47.675626Z"}
[info] i  functions: preparing codebase default for deployment 
[info] i  functions: ensuring required API cloudfunctions.googleapis.com is enabled... 
[debug] [2025-05-23T10:59:28.099Z] Checked if tokens are valid: true, expires at: 1748000304961
[debug] [2025-05-23T10:59:28.099Z] Checked if tokens are valid: true, expires at: 1748000304961
[debug] [2025-05-23T10:59:28.099Z] Checked if tokens are valid: true, expires at: 1748000304961
[debug] [2025-05-23T10:59:28.099Z] Checked if tokens are valid: true, expires at: 1748000304961
[info] i  functions: ensuring required API cloudbuild.googleapis.com is enabled... 
[debug] [2025-05-23T10:59:28.100Z] Checked if tokens are valid: true, expires at: 1748000304961
[debug] [2025-05-23T10:59:28.100Z] Checked if tokens are valid: true, expires at: 1748000304961
[info] i  artifactregistry: ensuring required API artifactregistry.googleapis.com is enabled... 
[debug] [2025-05-23T10:59:28.101Z] Checked if tokens are valid: true, expires at: 1748000304961
[debug] [2025-05-23T10:59:28.101Z] Checked if tokens are valid: true, expires at: 1748000304961
[debug] [2025-05-23T10:59:28.101Z] >>> [apiv2][query] GET https://serviceusage.googleapis.com/v1/projects/nesugoshipanic/services/cloudfunctions.googleapis.com [none]
[debug] [2025-05-23T10:59:28.102Z] >>> [apiv2][(partial)header] GET https://serviceusage.googleapis.com/v1/projects/nesugoshipanic/services/cloudfunctions.googleapis.com x-goog-quota-user=projects/nesugoshipanic
[debug] [2025-05-23T10:59:28.102Z] >>> [apiv2][query] GET https://serviceusage.googleapis.com/v1/projects/nesugoshipanic/services/runtimeconfig.googleapis.com [none]
[debug] [2025-05-23T10:59:28.102Z] >>> [apiv2][(partial)header] GET https://serviceusage.googleapis.com/v1/projects/nesugoshipanic/services/runtimeconfig.googleapis.com x-goog-quota-user=projects/nesugoshipanic
[debug] [2025-05-23T10:59:28.106Z] >>> [apiv2][query] GET https://serviceusage.googleapis.com/v1/projects/nesugoshipanic/services/cloudbuild.googleapis.com [none]
[debug] [2025-05-23T10:59:28.106Z] >>> [apiv2][(partial)header] GET https://serviceusage.googleapis.com/v1/projects/nesugoshipanic/services/cloudbuild.googleapis.com x-goog-quota-user=projects/nesugoshipanic
[debug] [2025-05-23T10:59:28.109Z] >>> [apiv2][query] GET https://serviceusage.googleapis.com/v1/projects/nesugoshipanic/services/artifactregistry.googleapis.com [none]
[debug] [2025-05-23T10:59:28.109Z] >>> [apiv2][(partial)header] GET https://serviceusage.googleapis.com/v1/projects/nesugoshipanic/services/artifactregistry.googleapis.com x-goog-quota-user=projects/nesugoshipanic
[debug] [2025-05-23T10:59:28.465Z] <<< [apiv2][status] GET https://serviceusage.googleapis.com/v1/projects/nesugoshipanic/services/cloudfunctions.googleapis.com 200
[debug] [2025-05-23T10:59:28.465Z] <<< [apiv2][body] GET https://serviceusage.googleapis.com/v1/projects/nesugoshipanic/services/cloudfunctions.googleapis.com [omitted]
[info] +  functions: required API cloudfunctions.googleapis.com is enabled 
[debug] [2025-05-23T10:59:29.273Z] <<< [apiv2][status] GET https://serviceusage.googleapis.com/v1/projects/nesugoshipanic/services/cloudbuild.googleapis.com 200
[debug] [2025-05-23T10:59:29.273Z] <<< [apiv2][body] GET https://serviceusage.googleapis.com/v1/projects/nesugoshipanic/services/cloudbuild.googleapis.com [omitted]
[info] +  functions: required API cloudbuild.googleapis.com is enabled 
[debug] [2025-05-23T10:59:29.278Z] <<< [apiv2][status] GET https://serviceusage.googleapis.com/v1/projects/nesugoshipanic/services/artifactregistry.googleapis.com 200
[debug] [2025-05-23T10:59:29.278Z] <<< [apiv2][body] GET https://serviceusage.googleapis.com/v1/projects/nesugoshipanic/services/artifactregistry.googleapis.com [omitted]
[info] +  artifactregistry: required API artifactregistry.googleapis.com is enabled 
[debug] [2025-05-23T10:59:29.297Z] <<< [apiv2][status] GET https://serviceusage.googleapis.com/v1/projects/nesugoshipanic/services/runtimeconfig.googleapis.com 200
[debug] [2025-05-23T10:59:29.297Z] <<< [apiv2][body] GET https://serviceusage.googleapis.com/v1/projects/nesugoshipanic/services/runtimeconfig.googleapis.com [omitted]
[debug] [2025-05-23T10:59:29.297Z] Checked if tokens are valid: true, expires at: 1748000304961
[debug] [2025-05-23T10:59:29.297Z] Checked if tokens are valid: true, expires at: 1748000304961
[debug] [2025-05-23T10:59:29.297Z] >>> [apiv2][query] GET https://firebase.googleapis.com/v1beta1/projects/nesugoshipanic/adminSdkConfig [none]
[debug] [2025-05-23T10:59:29.749Z] <<< [apiv2][status] GET https://firebase.googleapis.com/v1beta1/projects/nesugoshipanic/adminSdkConfig 200
[debug] [2025-05-23T10:59:29.749Z] <<< [apiv2][body] GET https://firebase.googleapis.com/v1beta1/projects/nesugoshipanic/adminSdkConfig {"projectId":"nesugoshipanic","storageBucket":"nesugoshipanic.firebasestorage.app"}
[debug] [2025-05-23T10:59:29.750Z] Checked if tokens are valid: true, expires at: 1748000304961
[debug] [2025-05-23T10:59:29.750Z] Checked if tokens are valid: true, expires at: 1748000304961
[debug] [2025-05-23T10:59:29.750Z] >>> [apiv2][query] GET https://runtimeconfig.googleapis.com/v1beta1/projects/nesugoshipanic/configs [none]
